C51 COMPILER V9.56.0.0   GPIO                                                              10/09/2016 13:02:06 PAGE 1   


C51 COMPILER V9.56.0.0, COMPILATION OF MODULE GPIO
OBJECT MODULE PLACED IN .\Objects\gpio.obj
COMPILER INVOKED BY: C:\Keil_v5\C51\BIN\C51.EXE lib\gpio.c OPTIMIZE(8,SPEED) BROWSE INCDIR(.\lib;.\modules) DEBUG OBJECT
                    -EXTEND PRINT(.\Listings\gpio.lst) TABS(2) OBJECT(.\Objects\gpio.obj)

line level    source

   1          #include <REGX51.H>
   2          #include "system.h"
   3          #include "gpio.h"
   4          void gpio_pin_mode(unsigned char pin,unsigned char mode)
   5          {
   6   1        if (pin < 8)
   7   1        {
   8   2          if (mode==OUTPUT)
   9   2          {
  10   3            P0 &=~(1<<pin);
  11   3          }
  12   2          else if (mode==INPUT)
  13   2          {
  14   3            P0 |=(1<<pin);
  15   3          }
  16   2        }
  17   1      }
  18          void gpio_pin_write(unsigned char pin,unsigned char bit_val)
  19          {
  20   1        if (pin<8)
  21   1        {
  22   2          if (bit_val==LOW)
  23   2          {
  24   3            P0 = P0 & ~(1<<pin);
  25   3          }
  26   2          else if (bit_val==HIGH)
  27   2          {
  28   3            P0 = P0 |(1<<pin);
  29   3          }
  30   2        }
  31   1        else if (pin<16)
  32   1        {
  33   2          pin-=8;
  34   2          if (bit_val==LOW)
  35   2          {
  36   3            P1 = P1 & ~(1<<pin);
  37   3          }
  38   2          else if (bit_val==HIGH)
  39   2          {
  40   3            P1 = P1 |(1<<pin);
  41   3          }
  42   2        }
  43   1        else if (pin<24)
  44   1        {
  45   2          pin-=16;
  46   2          if (bit_val==LOW)
  47   2          {
  48   3            P2 = P2 & ~(1<<pin);
  49   3          }
  50   2          else if (bit_val==HIGH)
  51   2          {
  52   3            P2 = P2 |(1<<pin);
  53   3          }
  54   2        }
C51 COMPILER V9.56.0.0   GPIO                                                              10/09/2016 13:02:06 PAGE 2   

  55   1        else if (pin<32)
  56   1        {
  57   2          pin-=34;
  58   2          if (bit_val==LOW)
  59   2          {
  60   3            P3 = P3 & ~(1<<pin);
  61   3          }
  62   2          else if (bit_val==HIGH)
  63   2          {
  64   3            P3 = P3 |(1<<pin);
  65   3          }
  66   2        }
  67   1      }
  68          
  69          unsigned char gpio_pin_read(unsigned char pin)
  70          {
  71   1        if (pin<8)
  72   1        {
  73   2          return (((P0>>pin)&1));
  74   2        }
  75   1        else if (pin<16)
  76   1        {
  77   2          pin-=8;
  78   2          return (((P1>>pin)&1));
  79   2        }
  80   1        else if (pin<24)
  81   1        {
  82   2          pin-=16;
  83   2          return (((P2>>pin)&1));
  84   2        }
  85   1        else if (pin<32)
  86   1        {
  87   2          pin-=24;
  88   2          return (((P3>>pin)&1));
  89   2        }
  90   1      return 0; 
  91   1      }


MODULE INFORMATION:   STATIC OVERLAYABLE
   CODE SIZE        =    311    ----
   CONSTANT SIZE    =   ----    ----
   XDATA SIZE       =   ----    ----
   PDATA SIZE       =   ----    ----
   DATA SIZE        =   ----    ----
   IDATA SIZE       =   ----    ----
   BIT SIZE         =   ----    ----
END OF MODULE INFORMATION.


C51 COMPILATION COMPLETE.  0 WARNING(S),  0 ERROR(S)
