C51 COMPILER V9.56.0.0   LCD                                                               10/09/2016 13:02:07 PAGE 1   


C51 COMPILER V9.56.0.0, COMPILATION OF MODULE LCD
OBJECT MODULE PLACED IN .\Objects\lcd.obj
COMPILER INVOKED BY: C:\Keil_v5\C51\BIN\C51.EXE modules\lcd.c OPTIMIZE(8,SPEED) BROWSE INCDIR(.\lib;.\modules) DEBUG OBJ
                    -ECTEXTEND PRINT(.\Listings\lcd.lst) TABS(2) OBJECT(.\Objects\lcd.obj)

line level    source

   1          #include "system.h"
   2          #include "delay.h"
   3          #include "gpio.h"
   4          #include "lcd.h"
   5          
   6          uint8_t lcd_data_pins[4]={0,0,0,0};
   7          uint8_t RS=0;
   8          uint8_t EN=0;
   9          
  10          void lcd_clk(void)
  11          {
  12   1      }
  13          
  14          void lcd_init(int d4,int d5,int d6,int d7,int rs,int en)
  15          {
  16   1          uint8_t i;
  17   1          lcd_data_pins[0]=d4;
  18   1        lcd_data_pins[1]=d5;
  19   1        lcd_data_pins[2]=d6;
  20   1        lcd_data_pins[3]=d7;
  21   1        RS=rs;
  22   1        EN=en;
  23   1          for (i=0;i<4;i++)
  24   1          {
  25   2              gpio_pin_mode(lcd_data_pins[i],OUTPUT);
  26   2          }
  27   1        
  28   1              gpio_pin_mode(RS,OUTPUT);
  29   1              gpio_pin_mode(EN,OUTPUT);
  30   1        
  31   1          lcd_send(0x03,LOW);
  32   1          lcd_send(0x02,LOW);
  33   1          lcd_send(0x28,LOW);
  34   1          lcd_send(0x0C,LOW);
  35   1          lcd_send(0x01,LOW);
  36   1          lcd_send(0x06,LOW);
  37   1          lcd_send(0x80,LOW);
  38   1      }
  39          
  40          void lcd_clear(void)
  41          {
  42   1          lcd_send(0x01,LOW);
  43   1          lcd_send(0x80,LOW);
  44   1      }
  45          
  46          void lcd_nibble(unsigned char nibble)
  47          {
  48   1        uint8_t i;
  49   1        for (i=0;i<4;i++)
  50   1        {
  51   2            if((( nibble >> i) & HIGH) == HIGH)
  52   2            gpio_pin_write(lcd_data_pins[i], HIGH);
  53   2            else
  54   2            gpio_pin_write(lcd_data_pins[i], LOW);
C51 COMPILER V9.56.0.0   LCD                                                               10/09/2016 13:02:07 PAGE 2   

  55   2        }
  56   1      }
  57          
  58          void lcd_send(uint8_t byte,uint8_t rs_pin)
  59          {
  60   1          unsigned char high_nibble=0,low_nibble=0;
  61   1          high_nibble=byte >> 4;
  62   1          low_nibble=(byte & 0x0F);
  63   1      
  64   1          delay_ms(3);
  65   1          if(rs_pin==HIGH)
  66   1            gpio_pin_write(RS, HIGH);
  67   1          else
  68   1            gpio_pin_write(RS, LOW);
  69   1      
  70   1          lcd_nibble(high_nibble);
  71   1          gpio_pin_write(EN, HIGH);
  72   1          delay_ms(3);
  73   1          gpio_pin_write(EN, LOW);
  74   1      
  75   1          delay_ms(3);
  76   1          lcd_nibble(low_nibble);
  77   1          gpio_pin_write(EN, HIGH);
  78   1          delay_ms(3);
  79   1          gpio_pin_write(EN, LOW);
  80   1      }
  81          
  82          void lcd_print(const char *str)
  83          {
  84   1          while(*str!='\0')
  85   1          {
  86   2          if (*str=='\r')
  87   2          {
  88   3            lcd_send(' ',HIGH);
  89   3            str++;
  90   3          }
  91   2          else if(*str=='\n')
  92   2          {
  93   3            //lcd_send(0xC0,LOW);
  94   3            lcd_send(' ',HIGH);
  95   3                  str++;
  96   3          }
  97   2          else
  98   2          {
  99   3            lcd_send(*str++,HIGH);
 100   3          }
 101   2        }
 102   1          /*
 103   1          while(*str!='\0')
 104   1          {
 105   1              lcd_send(*str++,HIGH);
 106   1          }*/
 107   1      }
 108          
 109          void lcd_goto_xy(unsigned char x,unsigned char y)
 110          {
 111   1          if(y==0)
 112   1            lcd_send(0x80+x,LOW);
 113   1          else if(y==1)
 114   1            lcd_send(0xC0+x,LOW);
 115   1      
 116   1      }
C51 COMPILER V9.56.0.0   LCD                                                               10/09/2016 13:02:07 PAGE 3   

 117          
 118          void lcd_print_xy(unsigned char x,unsigned char y,const char *str)
 119          {
 120   1          lcd_goto_xy(x,y);
 121   1          lcd_print(str);
 122   1      }
 123          


MODULE INFORMATION:   STATIC OVERLAYABLE
   CODE SIZE        =    399    ----
   CONSTANT SIZE    =   ----    ----
   XDATA SIZE       =   ----    ----
   PDATA SIZE       =   ----    ----
   DATA SIZE        =      6      26
   IDATA SIZE       =   ----    ----
   BIT SIZE         =   ----    ----
END OF MODULE INFORMATION.


C51 COMPILATION COMPLETE.  0 WARNING(S),  0 ERROR(S)
