C51 COMPILER V9.56.0.0   MAIN                                                              10/09/2016 13:02:07 PAGE 1   


C51 COMPILER V9.56.0.0, COMPILATION OF MODULE MAIN
OBJECT MODULE PLACED IN .\Objects\main.obj
COMPILER INVOKED BY: C:\Keil_v5\C51\BIN\C51.EXE main.c OPTIMIZE(8,SPEED) BROWSE INCDIR(.\lib;.\modules) DEBUG OBJECTEXTE
                    -ND PRINT(.\Listings\main.lst) TABS(2) OBJECT(.\Objects\main.obj)

line level    source

   1          #include "system.h"
   2          #include "gpio.h"
   3          #include "delay.h"
   4          #include "lcd.h"
   5          #include "serial.h"
   6          void gpio_example(void)
   7          {
   8   1        gpio_pin_mode(0,OUTPUT);
   9   1        while(1)
  10   1        {
  11   2          gpio_pin_write(0,HIGH);
  12   2          delay_ms(1000);
  13   2          gpio_pin_write(0,LOW);
  14   2          delay_ms(1000);
  15   2        }
  16   1      }
  17          void lcd_example(void)
  18          {
  19   1          gpio_pin_write(2,LOW); 
  20   1          lcd_init(4,5,6,7,1,3);
  21   1          lcd_clear();
  22   1          lcd_print_xy(0,0,"    MASTER    ");
  23   1          lcd_print_xy(0,1,"8051 Libraries");
  24   1          while(1);
  25   1      }
  26          void main(void)
  27          {
  28   1        serial_init(9600);
  29   1          serial_print("8051 Serial Test\r\n");
  30   1          while(1)
  31   1          {
  32   2              if(serial_available() > 0)
  33   2              {
  34   3                  serial_write(serial_read());
  35   3              }
  36   2          }
  37   1      }


MODULE INFORMATION:   STATIC OVERLAYABLE
   CODE SIZE        =    141    ----
   CONSTANT SIZE    =     49    ----
   XDATA SIZE       =   ----    ----
   PDATA SIZE       =   ----    ----
   DATA SIZE        =   ----    ----
   IDATA SIZE       =   ----    ----
   BIT SIZE         =   ----    ----
END OF MODULE INFORMATION.


C51 COMPILATION COMPLETE.  0 WARNING(S),  0 ERROR(S)
